This file contains any messages produced by compilers while
running configure, to aid debugging if configure makes a mistake.

It was created by ToxicR configure 1.0.1, which was
generated by GNU Autoconf 2.71.  Invocation command line was

  $ ./configure

## --------- ##
## Platform. ##
## --------- ##

hostname = lxd-02185085
uname -m = x86_64
uname -r = 5.15.0-52-generic
uname -s = Linux
uname -v = #58-Ubuntu SMP Thu Oct 13 08:03:55 UTC 2022

/usr/bin/uname -p = x86_64
/bin/uname -X     = unknown

/bin/arch              = x86_64
/usr/bin/arch -k       = unknown
/usr/convex/getsysinfo = unknown
/usr/bin/hostinfo      = unknown
/bin/machine           = unknown
/usr/bin/oslevel       = unknown
/bin/universe          = unknown

PATH: /usr/local/sbin/
PATH: /usr/local/bin/
PATH: /usr/sbin/
PATH: /usr/bin/
PATH: /sbin/
PATH: /bin/
PATH: /usr/games/
PATH: /usr/local/games/
PATH: /snap/bin/
PATH: /snap/bin/


## ----------- ##
## Core tests. ##
## ----------- ##

configure:2212: checking for gcc
configure:2233: found /usr/bin/gcc
configure:2244: result: gcc
configure:2597: checking for C compiler version
configure:2606: gcc --version >&5
gcc (Ubuntu 11.3.0-1ubuntu1~22.04) 11.3.0
Copyright (C) 2021 Free Software Foundation, Inc.
This is free software; see the source for copying conditions.  There is NO
warranty; not even for MERCHANTABILITY or FITNESS FOR A PARTICULAR PURPOSE.

configure:2617: $? = 0
configure:2606: gcc -v >&5
Using built-in specs.
COLLECT_GCC=gcc
COLLECT_LTO_WRAPPER=/usr/lib/gcc/x86_64-linux-gnu/11/lto-wrapper
OFFLOAD_TARGET_NAMES=nvptx-none:amdgcn-amdhsa
OFFLOAD_TARGET_DEFAULT=1
Target: x86_64-linux-gnu
Configured with: ../src/configure -v --with-pkgversion='Ubuntu 11.3.0-1ubuntu1~22.04' --with-bugurl=file:///usr/share/doc/gcc-11/README.Bugs --enable-languages=c,ada,c++,go,brig,d,fortran,objc,obj-c++,m2 --prefix=/usr --with-gcc-major-version-only --program-suffix=-11 --program-prefix=x86_64-linux-gnu- --enable-shared --enable-linker-build-id --libexecdir=/usr/lib --without-included-gettext --enable-threads=posix --libdir=/usr/lib --enable-nls --enable-bootstrap --enable-clocale=gnu --enable-libstdcxx-debug --enable-libstdcxx-time=yes --with-default-libstdcxx-abi=new --enable-gnu-unique-object --disable-vtable-verify --enable-plugin --enable-default-pie --with-system-zlib --enable-libphobos-checking=release --with-target-system-zlib=auto --enable-objc-gc=auto --enable-multiarch --disable-werror --enable-cet --with-arch-32=i686 --with-abi=m64 --with-multilib-list=m32,m64,mx32 --enable-multilib --with-tune=generic --enable-offload-targets=nvptx-none=/build/gcc-11-xKiWfi/gcc-11-11.3.0/debian/tmp-nvptx/usr,amdgcn-amdhsa=/build/gcc-11-xKiWfi/gcc-11-11.3.0/debian/tmp-gcn/usr --without-cuda-driver --enable-checking=release --build=x86_64-linux-gnu --host=x86_64-linux-gnu --target=x86_64-linux-gnu --with-build-config=bootstrap-lto-lean --enable-link-serialization=2
Thread model: posix
Supported LTO compression algorithms: zlib zstd
gcc version 11.3.0 (Ubuntu 11.3.0-1ubuntu1~22.04) 
... rest of stderr output deleted ...
configure:2617: $? = 0
configure:2606: gcc -V >&5
gcc: error: unrecognized command-line option '-V'
gcc: fatal error: no input files
compilation terminated.
configure:2617: $? = 1
configure:2606: gcc -qversion >&5
gcc: error: unrecognized command-line option '-qversion'; did you mean '--version'?
gcc: fatal error: no input files
compilation terminated.
configure:2617: $? = 1
configure:2606: gcc -version >&5
gcc: error: unrecognized command-line option '-version'
gcc: fatal error: no input files
compilation terminated.
configure:2617: $? = 1
configure:2637: checking whether the C compiler works
configure:2659: gcc    conftest.c  >&5
configure:2663: $? = 0
configure:2713: result: yes
configure:2716: checking for C compiler default output file name
configure:2718: result: a.out
configure:2724: checking for suffix of executables
configure:2731: gcc -o conftest    conftest.c  >&5
configure:2735: $? = 0
configure:2758: result: 
configure:2780: checking whether we are cross compiling
configure:2788: gcc -o conftest    conftest.c  >&5
configure:2792: $? = 0
configure:2799: ./conftest
configure:2803: $? = 0
configure:2818: result: no
configure:2823: checking for suffix of object files
configure:2846: gcc -c   conftest.c >&5
configure:2850: $? = 0
configure:2872: result: o
configure:2876: checking whether the compiler supports GNU C
configure:2896: gcc -c   conftest.c >&5
configure:2896: $? = 0
configure:2906: result: yes
configure:2917: checking whether gcc accepts -g
configure:2938: gcc -c -g  conftest.c >&5
configure:2938: $? = 0
configure:2982: result: yes
configure:3002: checking for gcc option to enable C11 features
configure:3017: gcc  -c -g -O2  conftest.c >&5
configure:3017: $? = 0
configure:3035: result: none needed
configure:3150: checking how to run the C preprocessor
configure:3176: gcc -E  conftest.c
configure:3176: $? = 0
configure:3191: gcc -E  conftest.c
conftest.c:9:10: fatal error: ac_nonexistent.h: No such file or directory
    9 | #include <ac_nonexistent.h>
      |          ^~~~~~~~~~~~~~~~~~
compilation terminated.
configure:3191: $? = 1
configure: failed program was:
| /* confdefs.h */
| #define PACKAGE_NAME "ToxicR"
| #define PACKAGE_TARNAME "toxicr"
| #define PACKAGE_VERSION "1.0.1"
| #define PACKAGE_STRING "ToxicR 1.0.1"
| #define PACKAGE_BUGREPORT ""
| #define PACKAGE_URL ""
| /* end confdefs.h.  */
| #include <ac_nonexistent.h>
configure:3218: result: gcc -E
configure:3232: gcc -E  conftest.c
configure:3232: $? = 0
configure:3247: gcc -E  conftest.c
conftest.c:9:10: fatal error: ac_nonexistent.h: No such file or directory
    9 | #include <ac_nonexistent.h>
      |          ^~~~~~~~~~~~~~~~~~
compilation terminated.
configure:3247: $? = 1
configure: failed program was:
| /* confdefs.h */
| #define PACKAGE_NAME "ToxicR"
| #define PACKAGE_TARNAME "toxicr"
| #define PACKAGE_VERSION "1.0.1"
| #define PACKAGE_STRING "ToxicR 1.0.1"
| #define PACKAGE_BUGREPORT ""
| #define PACKAGE_URL ""
| /* end confdefs.h.  */
| #include <ac_nonexistent.h>
configure:3279: checking Is OPENMP avaialble? 
configure:3287: result: yes
configure:3294: checking for gsl-config
configure:3317: found /usr/bin/gsl-config
configure:3329: result: /usr/bin/gsl-config
configure:3339: result: yes
configure:3358: checking for pkg-config
configure:3381: found /usr/bin/pkg-config
configure:3394: result: /usr/bin/pkg-config
configure:3402: checking Is pkg-config avaialble? 
configure:3405: result: yes
configure:3407: checking if pkg-config knows NLopt
configure:3431: result: no
configure:3459: checking for cmake
configure:3482: found /usr/bin/cmake
configure:3495: result: /usr/bin/cmake
configure:3512: result: using NLopt via local cmake build on x86_64 
configure:3678: creating ./config.status

## ---------------------- ##
## Running config.status. ##
## ---------------------- ##

This file was extended by ToxicR config.status 1.0.1, which was
generated by GNU Autoconf 2.71.  Invocation command line was

  CONFIG_FILES    = 
  CONFIG_HEADERS  = 
  CONFIG_LINKS    = 
  CONFIG_COMMANDS = 
  $ ./config.status 

on lxd-02185085

config.status:731: creating src/Makevars

## ---------------- ##
## Cache variables. ##
## ---------------- ##

ac_cv_c_compiler_gnu=yes
ac_cv_env_CC_set=
ac_cv_env_CC_value=
ac_cv_env_CFLAGS_set=
ac_cv_env_CFLAGS_value=
ac_cv_env_CPPFLAGS_set=
ac_cv_env_CPPFLAGS_value=
ac_cv_env_CPP_set=
ac_cv_env_CPP_value=
ac_cv_env_LDFLAGS_set=
ac_cv_env_LDFLAGS_value=
ac_cv_env_LIBS_set=
ac_cv_env_LIBS_value=
ac_cv_env_build_alias_set=
ac_cv_env_build_alias_value=
ac_cv_env_host_alias_set=
ac_cv_env_host_alias_value=
ac_cv_env_target_alias_set=
ac_cv_env_target_alias_value=
ac_cv_objext=o
ac_cv_path_GSL_CONFIG=/usr/bin/gsl-config
ac_cv_path_have_cmake=/usr/bin/cmake
ac_cv_path_have_pkg_config=/usr/bin/pkg-config
ac_cv_prog_CPP='gcc -E'
ac_cv_prog_ac_ct_CC=gcc
ac_cv_prog_cc_c11=
ac_cv_prog_cc_g=yes
ac_cv_prog_cc_stdc=

## ----------------- ##
## Output variables. ##
## ----------------- ##

CC='gcc'
CFLAGS='-g -O2'
CPP='gcc -E'
CPPFLAGS=''
DEFS='-DPACKAGE_NAME=\"ToxicR\" -DPACKAGE_TARNAME=\"toxicr\" -DPACKAGE_VERSION=\"1.0.1\" -DPACKAGE_STRING=\"ToxicR\ 1.0.1\" -DPACKAGE_BUGREPORT=\"\" -DPACKAGE_URL=\"\"'
ECHO_C=''
ECHO_N='-n'
ECHO_T=''
EXEEXT=''
GSL_CONFIG='/usr/bin/gsl-config'
GSL_CPPFLAGS='-I/usr/include'
GSL_LIBS='-L/usr/lib -lgsl -lgslcblas -lm'
LDFLAGS=''
LIBOBJS=''
LIBS=''
LTLIBOBJS=''
NLOPT_CPPFLAGS='-I./nlopt/include'
NLOPT_INCLUDE=''
NLOPT_LIBS='-L./nlopt/lib -lnlopt'
OBJEXT='o'
OPENMP='$(SHLIB_OPENMP_CXXFLAGS) '
PACKAGE_BUGREPORT=''
PACKAGE_NAME='ToxicR'
PACKAGE_STRING='ToxicR 1.0.1'
PACKAGE_TARNAME='toxicr'
PACKAGE_URL=''
PACKAGE_VERSION='1.0.1'
PATH_SEPARATOR=':'
SHELL='/bin/bash'
SRC_SOURCES='RcppExports.cpp main_entry.cpp main_entry_ma.cpp main_entry_mcmc.cpp main_polyk.cpp '
SUBDIR_SOURCES='code_base/DichGammaBMD_NC.cpp code_base/DichLogProbitBMD_NC.cpp code_base/DichLogisticBMD_NC.cpp code_base/DichProbitBMD_NC.cpp code_base/DichQlinearBMD_NC.cpp code_base/DichWeibullBMD_NC.cpp code_base/IDPrior.cpp code_base/IDPriorMCMC.cpp code_base/analysis_of_deviance.cpp code_base/bmdStruct.cpp code_base/continuous_clean_aux.cpp code_base/continuous_entry_code.cpp code_base/continuous_model_functions.cpp code_base/dichotomous_entry_code.cpp code_base/gradient.cpp code_base/helperfunctions.cpp code_base/lognormalModels.cpp code_base/lognormal_EXP_NC.cpp code_base/lognormal_HILL_NC.cpp code_base/lognormal_POLYNOMIAL_NC.cpp code_base/lognormal_POWER_NC.cpp code_base/normalModels.cpp code_base/normal_EXP_NC.cpp code_base/normal_FUNL_NC.cpp code_base/normal_HILL_NC.cpp code_base/normal_POLYNOMIAL_NC.cpp code_base/normal_POWER_NC.cpp code_base/normal_likelihoods.cpp code_base/stdafx.cpp polyK/polyK.cpp polyK/polyK_setup.cpp '
ac_ct_CC='gcc'
bindir='${exec_prefix}/bin'
build_alias=''
datadir='${datarootdir}'
datarootdir='${prefix}/share'
docdir='${datarootdir}/doc/${PACKAGE_TARNAME}'
dvidir='${docdir}'
exec_prefix='${prefix}'
have_cmake='/usr/bin/cmake'
have_pkg_config='/usr/bin/pkg-config'
host_alias=''
htmldir='${docdir}'
includedir='${prefix}/include'
infodir='${datarootdir}/info'
libdir='${exec_prefix}/lib'
libexecdir='${exec_prefix}/libexec'
localedir='${datarootdir}/locale'
localstatedir='${prefix}/var'
mandir='${datarootdir}/man'
oldincludedir='/usr/include'
pdfdir='${docdir}'
prefix='/usr/local'
program_transform_name='s,x,x,'
psdir='${docdir}'
runstatedir='${localstatedir}/run'
sbindir='${exec_prefix}/sbin'
sharedstatedir='${prefix}/com'
sysconfdir='${prefix}/etc'
target_alias=''

## ----------- ##
## confdefs.h. ##
## ----------- ##

/* confdefs.h */
#define PACKAGE_NAME "ToxicR"
#define PACKAGE_TARNAME "toxicr"
#define PACKAGE_VERSION "1.0.1"
#define PACKAGE_STRING "ToxicR 1.0.1"
#define PACKAGE_BUGREPORT ""
#define PACKAGE_URL ""

configure: exit 0
